<?xml version="1.0" encoding="UTF-8"?>
<testng-results ignored="0" total="1" passed="1" failed="0" skipped="0">
  <reporter-output>
  </reporter-output>
  <suite started-at="2025-01-22T22:04:08 IST" name="Default suite" finished-at="2025-01-22T22:04:17 IST" duration-ms="9295">
    <groups>
    </groups>
    <test started-at="2025-01-22T22:04:08 IST" name="Default test" finished-at="2025-01-22T22:04:17 IST" duration-ms="9295">
      <class name="demo.ToaddScreenShortIntoReport">
        <test-method signature="addScreenshot()[pri:0, instance:demo.ToaddScreenShortIntoReport@515c6049]" started-at="2025-01-22T22:04:08 IST" name="addScreenshot" finished-at="2025-01-22T22:04:17 IST" duration-ms="9221" status="PASS">
          <reporter-output>
          </reporter-output>
        </test-method> <!-- addScreenshot -->
      </class> <!-- demo.ToaddScreenShortIntoReport -->
    </test> <!-- Default test -->
  </suite> <!-- Default suite -->
</testng-results>
